{ stream: 
   { _connecting: true,
     _handle: 
      { fd: -1,
        writeQueueSize: 0,
        owner: [Circular],
        onread: [Function: onread] },
     _readableState: 
      { highWaterMark: 16384,
        buffer: [],
        length: 0,
        pipes: null,
        pipesCount: 0,
        flowing: false,
        ended: false,
        endEmitted: false,
        reading: true,
        calledRead: true,
        sync: false,
        needReadable: true,
        emittedReadable: false,
        readableListening: false,
        objectMode: false,
        defaultEncoding: 'utf8',
        ranOut: false,
        awaitDrain: 0,
        readingMore: false,
        decoder: null,
        encoding: null },
     readable: true,
     domain: null,
     _events: 
      { end: [Object],
        finish: [Function: onSocketFinish],
        _socketEnd: [Function: onSocketEnd],
        connect: [Object],
        data: [Function],
        readable: [Function],
        error: [Function],
        close: [Function],
        drain: [Function] },
     _maxListeners: 10,
     _writableState: 
      { highWaterMark: 16384,
        objectMode: false,
        needDrain: false,
        ending: false,
        ended: false,
        finished: false,
        decodeStrings: false,
        defaultEncoding: 'utf8',
        length: 0,
        writing: false,
        sync: true,
        bufferProcessing: false,
        onwrite: [Function],
        writecb: null,
        writelen: 0,
        buffer: [] },
     writable: true,
     allowHalfOpen: false,
     onend: null,
     destroyed: false,
     errorEmitted: false,
     bytesRead: 0,
     _bytesDispatched: 0,
     _pendingData: null,
     _pendingEncoding: '',
     pipe: [Function],
     addListener: [Function],
     on: [Function],
     pause: [Function],
     resume: [Function],
     read: [Function],
     _consuming: true },
  options: { socket_nodelay: true, socket_keepalive: true },
  connection_id: 1,
  connected: false,
  ready: false,
  connections: 0,
  should_buffer: true,
  command_queue_high_water: 1000,
  command_queue_low_water: 0,
  max_attempts: null,
  command_queue: { tail: [], head: [], offset: 0 },
  offline_queue: { tail: [ [Object] ], head: [], offset: 0 },
  commands_sent: 0,
  connect_timeout: false,
  enable_offline_queue: true,
  retry_max_delay: null,
  retry_timer: null,
  retry_totaltime: 0,
  retry_delay: 150,
  retry_backoff: 1.7,
  attempts: 1,
  pub_sub_mode: false,
  subscription_set: {},
  monitoring: false,
  closing: false,
  server_info: {},
  auth_pass: null,
  parser_module: null,
  selected_db: null,
  old_state: null,
  domain: null,
  _events: {},
  _maxListeners: 10,
  connectionOption: { port: 6379, host: '127.0.0.1', family: 4 },
  address: '127.0.0.1:6379' }
redis setup
quit
